[1010ŒŽ2021 12:42:42.425] [main/INFO] [cpw.mods.modlauncher.Launcher/MODLAUNCHER]: ModLauncher running: args [--launchTarget, forgeserver, --fml.forgeVersion, 37.0.53, --fml.mcVersion, 1.17.1, --fml.forgeGroup, net.minecraftforge, --fml.mcpVersion, 20210706.113038, nogui]
[1010ŒŽ2021 12:42:42.440] [main/INFO] [cpw.mods.modlauncher.Launcher/MODLAUNCHER]: ModLauncher 9.0.7+91+master.8569cdf starting: java version 16.0.2 by Oracle Corporation
[1010ŒŽ2021 12:42:42.456] [main/DEBUG] [cpw.mods.modlauncher.LaunchServiceHandler/MODLAUNCHER]: Found launch services [fmlclientdev,forgeclient,minecraft,fmlserveruserdev,fmlclient,fmldatauserdev,forgeserverdev,forgeserveruserdev,forgeclientdev,forgeclientuserdev,forgeserver,forgedatadev,fmlserver,fmlclientuserdev,fmlserverdev,forgedatauserdev,testharness]
[1010ŒŽ2021 12:42:42.494] [main/DEBUG] [cpw.mods.modlauncher.NameMappingServiceHandler/MODLAUNCHER]: Found naming services : [srgtomcp]
[1010ŒŽ2021 12:42:42.510] [main/DEBUG] [cpw.mods.modlauncher.LaunchPluginHandler/MODLAUNCHER]: Found launch plugins: [eventbus,object_holder_definalize,runtime_enum_extender,capability_inject_definalize,accesstransformer,runtimedistcleaner]
[1010ŒŽ2021 12:42:42.525] [main/DEBUG] [cpw.mods.modlauncher.TransformationServicesHandler/MODLAUNCHER]: Discovering transformation services
[1010ŒŽ2021 12:42:42.541] [main/DEBUG] [cpw.mods.modlauncher.TransformationServicesHandler/MODLAUNCHER]: Found additional transformation services from discovery services: java.util.stream.ReferencePipeline$3@5b67bb7e
[1010ŒŽ2021 12:42:42.556] [main/DEBUG] [cpw.mods.modlauncher.TransformationServicesHandler/MODLAUNCHER]: Found transformer services : [fml]
[1010ŒŽ2021 12:42:42.556] [main/DEBUG] [cpw.mods.modlauncher.TransformationServicesHandler/MODLAUNCHER]: Transformation services loading
[1010ŒŽ2021 12:42:42.556] [main/DEBUG] [cpw.mods.modlauncher.TransformationServiceDecorator/MODLAUNCHER]: Loading service fml
[1010ŒŽ2021 12:42:42.572] [main/DEBUG] [net.minecraftforge.fml.loading.LauncherVersion/CORE]: Found FMLLauncher version 1.0
[1010ŒŽ2021 12:42:42.572] [main/DEBUG] [net.minecraftforge.fml.loading.FMLLoader/CORE]: FML 1.0 loading
[1010ŒŽ2021 12:42:42.572] [main/DEBUG] [net.minecraftforge.fml.loading.FMLLoader/CORE]: FML found ModLauncher version : 9.0.7+91+master.8569cdf
[1010ŒŽ2021 12:42:42.572] [main/DEBUG] [net.minecraftforge.fml.loading.FMLLoader/CORE]: FML found AccessTransformer version : 8.0.4+66+master.c09db6d7
[1010ŒŽ2021 12:42:42.572] [main/DEBUG] [net.minecraftforge.fml.loading.FMLLoader/CORE]: FML found EventBus version : 5.0.3+70+master.d7d405b
[1010ŒŽ2021 12:42:42.572] [main/DEBUG] [net.minecraftforge.fml.loading.FMLLoader/CORE]: Found Runtime Dist Cleaner
[1010ŒŽ2021 12:42:42.579] [main/DEBUG] [net.minecraftforge.fml.loading.FMLLoader/CORE]: FML found CoreMod version : 5.0.1+15+master.dc5a2922
[1010ŒŽ2021 12:42:42.579] [main/DEBUG] [net.minecraftforge.fml.loading.FMLLoader/CORE]: Found ForgeSPI package implementation version 4.0.9+23+master.71a605a
[1010ŒŽ2021 12:42:42.579] [main/DEBUG] [net.minecraftforge.fml.loading.FMLLoader/CORE]: Found ForgeSPI package specification 4
[1010ŒŽ2021 12:42:42.579] [main/DEBUG] [cpw.mods.modlauncher.TransformationServiceDecorator/MODLAUNCHER]: Loaded service fml
[1010ŒŽ2021 12:42:42.579] [main/DEBUG] [cpw.mods.modlauncher.TransformationServicesHandler/MODLAUNCHER]: Configuring option handling for services
[1010ŒŽ2021 12:42:42.594] [main/DEBUG] [cpw.mods.modlauncher.TransformationServicesHandler/MODLAUNCHER]: Transformation services initializing
[1010ŒŽ2021 12:42:42.594] [main/DEBUG] [cpw.mods.modlauncher.TransformationServiceDecorator/MODLAUNCHER]: Initializing transformation service fml
[1010ŒŽ2021 12:42:42.594] [main/DEBUG] [net.minecraftforge.fml.loading.FMLServiceProvider/CORE]: Setting up basic FML game directories
[1010ŒŽ2021 12:42:42.594] [main/DEBUG] [net.minecraftforge.fml.loading.FileUtils/CORE]: Found existing GAMEDIR directory : C:\Users\bulei\MinecraftServer\Forge-1.17.1
[1010ŒŽ2021 12:42:42.594] [main/DEBUG] [net.minecraftforge.fml.loading.FMLPaths/CORE]: Path GAMEDIR is C:\Users\bulei\MinecraftServer\Forge-1.17.1
[1010ŒŽ2021 12:42:42.594] [main/DEBUG] [net.minecraftforge.fml.loading.FileUtils/CORE]: Found existing MODSDIR directory : C:\Users\bulei\MinecraftServer\Forge-1.17.1\mods
[1010ŒŽ2021 12:42:42.594] [main/DEBUG] [net.minecraftforge.fml.loading.FMLPaths/CORE]: Path MODSDIR is C:\Users\bulei\MinecraftServer\Forge-1.17.1\mods
[1010ŒŽ2021 12:42:42.594] [main/DEBUG] [net.minecraftforge.fml.loading.FileUtils/CORE]: Found existing CONFIGDIR directory : C:\Users\bulei\MinecraftServer\Forge-1.17.1\config
[1010ŒŽ2021 12:42:42.594] [main/DEBUG] [net.minecraftforge.fml.loading.FMLPaths/CORE]: Path CONFIGDIR is C:\Users\bulei\MinecraftServer\Forge-1.17.1\config
[1010ŒŽ2021 12:42:42.594] [main/DEBUG] [net.minecraftforge.fml.loading.FMLPaths/CORE]: Path FMLCONFIG is C:\Users\bulei\MinecraftServer\Forge-1.17.1\config\fml.toml
[1010ŒŽ2021 12:42:42.594] [main/DEBUG] [net.minecraftforge.fml.loading.FMLServiceProvider/CORE]: Loading configuration
[1010ŒŽ2021 12:42:42.657] [main/DEBUG] [net.minecraftforge.fml.loading.FileUtils/CORE]: Found existing default config directory directory : C:\Users\bulei\MinecraftServer\Forge-1.17.1\defaultconfigs
[1010ŒŽ2021 12:42:42.657] [main/DEBUG] [net.minecraftforge.fml.loading.FMLServiceProvider/CORE]: Preparing ModFile
[1010ŒŽ2021 12:42:42.672] [main/DEBUG] [net.minecraftforge.fml.loading.FMLServiceProvider/CORE]: Preparing launch handler
[1010ŒŽ2021 12:42:42.672] [main/DEBUG] [net.minecraftforge.fml.loading.FMLLoader/CORE]: Using forgeserver as launch service
[1010ŒŽ2021 12:42:42.710] [main/DEBUG] [net.minecraftforge.fml.loading.FMLLoader/CORE]: Received command line version data  : VersionInfo[forgeVersion=37.0.53, mcVersion=1.17.1, mcpVersion=20210706.113038, forgeGroup=net.minecraftforge]
[1010ŒŽ2021 12:42:42.710] [main/DEBUG] [cpw.mods.modlauncher.TransformationServiceDecorator/MODLAUNCHER]: Initialized transformation service fml
[1010ŒŽ2021 12:42:42.710] [main/DEBUG] [cpw.mods.modlauncher.NameMappingServiceHandler/MODLAUNCHER]: Current naming domain is 'srg'
[1010ŒŽ2021 12:42:42.710] [main/DEBUG] [cpw.mods.modlauncher.NameMappingServiceHandler/MODLAUNCHER]: Identified name mapping providers {}
[1010ŒŽ2021 12:42:42.710] [main/DEBUG] [cpw.mods.modlauncher.TransformationServicesHandler/MODLAUNCHER]: Transformation services begin scanning
[1010ŒŽ2021 12:42:42.710] [main/DEBUG] [cpw.mods.modlauncher.TransformationServiceDecorator/MODLAUNCHER]: Beginning scan trigger - transformation service fml
[1010ŒŽ2021 12:42:42.710] [main/DEBUG] [net.minecraftforge.fml.loading.FMLServiceProvider/CORE]: Initiating mod scan
[1010ŒŽ2021 12:42:42.726] [main/DEBUG] [net.minecraftforge.fml.loading.moddiscovery.ModListHandler/CORE]: Found mod coordinates from lists: []
[1010ŒŽ2021 12:42:42.726] [main/DEBUG] [net.minecraftforge.fml.loading.moddiscovery.ModDiscoverer/CORE]: Found Mod Locators : (mods folder:null),(maven libs:null),(exploded directory:null),(minecraft:null),(userdev classpath:null)
[1010ŒŽ2021 12:42:43.143] [main/DEBUG] [net.minecraftforge.fml.loading.moddiscovery.ModFileParser/LOADING]: Considering mod file candidate C:\Users\bulei\MinecraftServer\Forge-1.17.1\mods\[1.17.1][forge37.0.34]mod_CutAllSMP_v2.5.2.jar
[1010ŒŽ2021 12:42:43.196] [main/DEBUG] [net.minecraftforge.fml.loading.moddiscovery.ModFileInfo/LOADING]: Found valid mod file [1.17.1][forge37.0.34]mod_CutAllSMP_v2.5.2.jar with {cutallsmp} mods - versions {2.5.2}
[1010ŒŽ2021 12:42:43.196] [main/DEBUG] [net.minecraftforge.fml.loading.moddiscovery.ModFile/LOADING]: Loading mod file C:\Users\bulei\MinecraftServer\Forge-1.17.1\mods\[1.17.1][forge37.0.34]mod_CutAllSMP_v2.5.2.jar with languages [LanguageSpec[languageName=javafml, acceptedVersions=[35,)]]
[1010ŒŽ2021 12:42:43.212] [main/DEBUG] [net.minecraftforge.fml.loading.moddiscovery.ModFileParser/LOADING]: Considering mod file candidate C:\Users\bulei\MinecraftServer\Forge-1.17.1\mods\[1.17.1][forge37.0.34]mod_DigAllSMP_v2.3.3.jar
[1010ŒŽ2021 12:42:43.212] [main/DEBUG] [net.minecraftforge.fml.loading.moddiscovery.ModFileInfo/LOADING]: Found valid mod file [1.17.1][forge37.0.34]mod_DigAllSMP_v2.3.3.jar with {digallsmp} mods - versions {2.3.3}
[1010ŒŽ2021 12:42:43.212] [main/DEBUG] [net.minecraftforge.fml.loading.moddiscovery.ModFile/LOADING]: Loading mod file C:\Users\bulei\MinecraftServer\Forge-1.17.1\mods\[1.17.1][forge37.0.34]mod_DigAllSMP_v2.3.3.jar with languages [LanguageSpec[languageName=javafml, acceptedVersions=[35,)]]
[1010ŒŽ2021 12:42:43.212] [main/DEBUG] [net.minecraftforge.fml.loading.moddiscovery.ModFileParser/LOADING]: Considering mod file candidate C:\Users\bulei\MinecraftServer\Forge-1.17.1\mods\[1.17.1][forge37.0.34]mod_MineAllSMP_v2.6.6.jar
[1010ŒŽ2021 12:42:43.212] [main/DEBUG] [net.minecraftforge.fml.loading.moddiscovery.ModFileInfo/LOADING]: Found valid mod file [1.17.1][forge37.0.34]mod_MineAllSMP_v2.6.6.jar with {mineallsmp} mods - versions {2.6.7}
[1010ŒŽ2021 12:42:43.212] [main/DEBUG] [net.minecraftforge.fml.loading.moddiscovery.ModFile/LOADING]: Loading mod file C:\Users\bulei\MinecraftServer\Forge-1.17.1\mods\[1.17.1][forge37.0.34]mod_MineAllSMP_v2.6.6.jar with languages [LanguageSpec[languageName=javafml, acceptedVersions=[35,)]]
[1010ŒŽ2021 12:42:43.212] [main/DEBUG] [net.minecraftforge.fml.loading.moddiscovery.ModFileInfo/LOADING]: Found valid mod file server-1.17.1-20210706.113038-srg.jar with {minecraft} mods - versions {1.17.1}
[1010ŒŽ2021 12:42:43.212] [main/DEBUG] [net.minecraftforge.fml.loading.moddiscovery.ModFile/LOADING]: Loading mod file C:\Users\bulei\MinecraftServer\Forge-1.17.1\libraries\net\minecraft\server\1.17.1-20210706.113038\server-1.17.1-20210706.113038-srg.jar with languages [LanguageSpec[languageName=minecraft, acceptedVersions=1]]
[1010ŒŽ2021 12:42:43.212] [main/DEBUG] [net.minecraftforge.fml.loading.moddiscovery.ModFileParser/LOADING]: Considering mod file candidate C:\Users\bulei\MinecraftServer\Forge-1.17.1\libraries\net\minecraftforge\forge\1.17.1-37.0.53\forge-1.17.1-37.0.53-universal.jar
[1010ŒŽ2021 12:42:43.212] [main/DEBUG] [net.minecraftforge.fml.loading.moddiscovery.ModFileInfo/LOADING]: Found valid mod file forge-1.17.1-37.0.53-universal.jar with {forge} mods - versions {37.0.53}
[1010ŒŽ2021 12:42:43.212] [main/DEBUG] [net.minecraftforge.fml.loading.moddiscovery.ModFile/LOADING]: Loading mod file C:\Users\bulei\MinecraftServer\Forge-1.17.1\libraries\net\minecraftforge\forge\1.17.1-37.0.53\forge-1.17.1-37.0.53-universal.jar with languages [LanguageSpec[languageName=javafml, acceptedVersions=[24,]]]
[1010ŒŽ2021 12:42:43.274] [main/DEBUG] [net.minecraftforge.fml.loading.moddiscovery.ModFileParser/LOADING]: Found coremod field_to_method with Javascript path coremods/field_to_method.js
[1010ŒŽ2021 12:42:43.274] [main/DEBUG] [net.minecraftforge.fml.loading.moddiscovery.ModFileParser/LOADING]: Found coremod field_to_instanceof with Javascript path coremods/field_to_instanceof.js
[1010ŒŽ2021 12:42:43.274] [main/DEBUG] [net.minecraftforge.fml.loading.moddiscovery.ModFileParser/LOADING]: Found coremod add_bouncer_method with Javascript path coremods/add_bouncer_method.js
[1010ŒŽ2021 12:42:43.274] [main/DEBUG] [net.minecraftforge.fml.loading.moddiscovery.ModFile/LOADING]: Found coremod coremods/field_to_method.js
[1010ŒŽ2021 12:42:43.274] [main/DEBUG] [net.minecraftforge.fml.loading.moddiscovery.ModFile/LOADING]: Found coremod coremods/field_to_instanceof.js
[1010ŒŽ2021 12:42:43.274] [main/DEBUG] [net.minecraftforge.fml.loading.moddiscovery.ModFile/LOADING]: Found coremod coremods/add_bouncer_method.js
[1010ŒŽ2021 12:42:43.281] [main/DEBUG] [cpw.mods.modlauncher.TransformationServiceDecorator/MODLAUNCHER]: End scan trigger - transformation service fml
[1010ŒŽ2021 12:42:43.397] [main/DEBUG] [net.minecraftforge.fml.loading.LanguageLoadingProvider/CORE]: Found 2 language providers
[1010ŒŽ2021 12:42:43.397] [main/DEBUG] [net.minecraftforge.fml.loading.LanguageLoadingProvider/CORE]: Found language provider minecraft, version 1.0
[1010ŒŽ2021 12:42:43.397] [main/DEBUG] [net.minecraftforge.fml.loading.LanguageLoadingProvider/CORE]: Found language provider javafml, version 37
[1010ŒŽ2021 12:42:43.412] [main/DEBUG] [net.minecraftforge.fml.loading.ModSorter/LOADING]: Found 0 mod requirements (0 mandatory, 0 optional)
[1010ŒŽ2021 12:42:43.412] [main/DEBUG] [net.minecraftforge.fml.loading.ModSorter/LOADING]: Found 0 mod requirements missing (0 mandatory, 0 optional)
[1010ŒŽ2021 12:42:44.019] [main/DEBUG] [cpw.mods.modlauncher.TransformationServicesHandler/MODLAUNCHER]: Transformation services loading transformers
[1010ŒŽ2021 12:42:44.019] [main/DEBUG] [cpw.mods.modlauncher.TransformationServiceDecorator/MODLAUNCHER]: Initializing transformers for transformation service fml
[1010ŒŽ2021 12:42:44.019] [main/DEBUG] [net.minecraftforge.fml.loading.FMLServiceProvider/CORE]: Loading coremod transformers
[1010ŒŽ2021 12:42:44.019] [main/DEBUG] [net.minecraftforge.coremod.CoreModEngine/COREMOD]: Loading CoreMod from coremods/field_to_method.js
[1010ŒŽ2021 12:42:44.269] [main/DEBUG] [net.minecraftforge.coremod.CoreModEngine/COREMOD]: CoreMod loaded successfully
[1010ŒŽ2021 12:42:44.269] [main/DEBUG] [net.minecraftforge.coremod.CoreModEngine/COREMOD]: Loading CoreMod from coremods/field_to_instanceof.js
[1010ŒŽ2021 12:42:44.379] [main/DEBUG] [net.minecraftforge.coremod.CoreModEngine/COREMOD]: CoreMod loaded successfully
[1010ŒŽ2021 12:42:44.379] [main/DEBUG] [net.minecraftforge.coremod.CoreModEngine/COREMOD]: Loading CoreMod from coremods/add_bouncer_method.js
[1010ŒŽ2021 12:42:44.426] [main/DEBUG] [net.minecraftforge.coremod.CoreModEngine/COREMOD]: CoreMod loaded successfully
[1010ŒŽ2021 12:42:44.441] [main/DEBUG] [cpw.mods.modlauncher.TransformStore/MODLAUNCHER]: Adding transformer net.minecraftforge.coremod.transformer.CoreModClassTransformer@128c502c to Target : CLASS {Lnet/minecraft/world/effect/MobEffectInstance;} {} {V}
[1010ŒŽ2021 12:42:44.441] [main/DEBUG] [cpw.mods.modlauncher.TransformStore/MODLAUNCHER]: Adding transformer net.minecraftforge.coremod.transformer.CoreModClassTransformer@47ad69f7 to Target : CLASS {Lnet/minecraft/world/item/BucketItem;} {} {V}
[1010ŒŽ2021 12:42:44.441] [main/DEBUG] [cpw.mods.modlauncher.TransformStore/MODLAUNCHER]: Adding transformer net.minecraftforge.coremod.transformer.CoreModClassTransformer@2b917fb0 to Target : CLASS {Lnet/minecraft/world/level/block/StairBlock;} {} {V}
[1010ŒŽ2021 12:42:44.441] [main/DEBUG] [cpw.mods.modlauncher.TransformStore/MODLAUNCHER]: Adding transformer net.minecraftforge.coremod.transformer.CoreModClassTransformer@5e5073ab to Target : CLASS {Lnet/minecraft/world/level/block/FlowerPotBlock;} {} {V}
[1010ŒŽ2021 12:42:44.441] [main/DEBUG] [cpw.mods.modlauncher.TransformStore/MODLAUNCHER]: Adding transformer net.minecraftforge.coremod.transformer.CoreModClassTransformer@3c4262d1 to Target : CLASS {Lnet/minecraft/world/item/ItemStack;} {} {V}
[1010ŒŽ2021 12:42:44.441] [main/DEBUG] [cpw.mods.modlauncher.TransformStore/MODLAUNCHER]: Adding transformer net.minecraftforge.coremod.transformer.CoreModClassTransformer@100c567f to Target : CLASS {Lnet/minecraft/network/play/client/CClientSettingsPacket;} {} {V}
[1010ŒŽ2021 12:42:44.441] [main/DEBUG] [cpw.mods.modlauncher.TransformationServiceDecorator/MODLAUNCHER]: Initialized transformers for transformation service fml
[1010ŒŽ2021 12:42:45.807] [main/INFO] [cpw.mods.modlauncher.LaunchServiceHandler/MODLAUNCHER]: Launching target 'forgeserver' with arguments [nogui]
[1010ŒŽ2021 12:42:47.523] [main/DEBUG] [net.minecraftforge.coremod.transformer.CoreModBaseTransformer/COREMOD]: Transforming net/minecraft/world/level/block/StairBlock
[1010ŒŽ2021 12:42:47.684] [main/DEBUG] [net.minecraftforge.coremod.transformer.CoreModBaseTransformer/COREMOD]: Transforming net/minecraft/world/level/block/FlowerPotBlock
[1010ŒŽ2021 12:42:49.116] [main/DEBUG] [net.minecraftforge.coremod.transformer.CoreModBaseTransformer/COREMOD]: Transforming net/minecraft/world/item/ItemStack
[1010ŒŽ2021 12:42:52.477] [main/DEBUG] [net.minecraftforge.coremod.transformer.CoreModBaseTransformer/COREMOD]: Transforming net/minecraft/world/item/BucketItem
[1010ŒŽ2021 12:42:52.730] [main/DEBUG] [net.minecraftforge.coremod.transformer.CoreModBaseTransformer/COREMOD]: Transforming net/minecraft/world/effect/MobEffectInstance
[1010ŒŽ2021 12:42:54.426] [main/DEBUG] [net.minecraftforge.fml.ModWorkManager/LOADING]: Using 8 threads for parallel mod-loading
[1010ŒŽ2021 12:42:54.447] [main/DEBUG] [net.minecraftforge.fml.javafmlmod.FMLJavaModLanguageProvider/LOADING]: Loading FMLModContainer from classloader cpw.mods.modlauncher.TransformingClassLoader@7275c74b - got cpw.mods.cl.ModuleClassLoader@1ce61929
[1010ŒŽ2021 12:42:54.447] [main/DEBUG] [net.minecraftforge.fml.javafmlmod.FMLModContainer/LOADING]: Creating FMLModContainer instance for net.minecraft.scalar.mineall.mod_MineAllSMP
[1010ŒŽ2021 12:42:54.454] [main/DEBUG] [net.minecraftforge.fml.javafmlmod.FMLJavaModLanguageProvider/LOADING]: Loading FMLModContainer from classloader cpw.mods.modlauncher.TransformingClassLoader@7275c74b - got cpw.mods.cl.ModuleClassLoader@1ce61929
[1010ŒŽ2021 12:42:54.455] [main/DEBUG] [net.minecraftforge.fml.javafmlmod.FMLModContainer/LOADING]: Creating FMLModContainer instance for net.minecraft.scalar.digall.mod_DigAllSMP
[1010ŒŽ2021 12:42:54.457] [main/DEBUG] [net.minecraftforge.fml.javafmlmod.FMLJavaModLanguageProvider/LOADING]: Loading FMLModContainer from classloader cpw.mods.modlauncher.TransformingClassLoader@7275c74b - got cpw.mods.cl.ModuleClassLoader@1ce61929
[1010ŒŽ2021 12:42:54.458] [main/DEBUG] [net.minecraftforge.fml.javafmlmod.FMLModContainer/LOADING]: Creating FMLModContainer instance for net.minecraftforge.common.ForgeMod
[1010ŒŽ2021 12:42:54.461] [main/DEBUG] [net.minecraftforge.fml.javafmlmod.FMLJavaModLanguageProvider/LOADING]: Loading FMLModContainer from classloader cpw.mods.modlauncher.TransformingClassLoader@7275c74b - got cpw.mods.cl.ModuleClassLoader@1ce61929
[1010ŒŽ2021 12:42:54.461] [main/DEBUG] [net.minecraftforge.fml.javafmlmod.FMLModContainer/LOADING]: Creating FMLModContainer instance for net.minecraft.scalar.cutall.mod_CutAllSMP
[1010ŒŽ2021 12:42:54.617] [modloading-worker-2/DEBUG] [net.minecraftforge.fml.config.ConfigTracker/CONFIG]: Config file digallsmp-common.toml for digallsmp tracking
[1010ŒŽ2021 12:42:54.628] [modloading-worker-1/DEBUG] [net.minecraftforge.fml.config.ConfigTracker/CONFIG]: Config file mineallsmp-common.toml for mineallsmp tracking
[1010ŒŽ2021 12:42:54.690] [modloading-worker-1/DEBUG] [net.minecraftforge.fml.javafmlmod.AutomaticEventSubscriber/LOADING]: Attempting to inject @EventBusSubscriber classes into the eventbus for mineallsmp
[1010ŒŽ2021 12:42:54.690] [modloading-worker-2/DEBUG] [net.minecraftforge.fml.javafmlmod.AutomaticEventSubscriber/LOADING]: Attempting to inject @EventBusSubscriber classes into the eventbus for digallsmp
[1010ŒŽ2021 12:42:54.690] [modloading-worker-4/DEBUG] [net.minecraftforge.fml.config.ConfigTracker/CONFIG]: Config file cutallsmp-common.toml for cutallsmp tracking
[1010ŒŽ2021 12:42:54.724] [modloading-worker-4/DEBUG] [net.minecraftforge.fml.javafmlmod.AutomaticEventSubscriber/LOADING]: Attempting to inject @EventBusSubscriber classes into the eventbus for cutallsmp
[1010ŒŽ2021 12:42:55.447] [modloading-worker-3/DEBUG] [net.minecraftforge.fml.config.ConfigTracker/CONFIG]: Config file forge-client.toml for forge tracking
[1010ŒŽ2021 12:42:55.448] [modloading-worker-3/DEBUG] [net.minecraftforge.fml.config.ConfigTracker/CONFIG]: Config file forge-server.toml for forge tracking
[1010ŒŽ2021 12:42:55.448] [modloading-worker-3/DEBUG] [net.minecraftforge.fml.config.ConfigTracker/CONFIG]: Config file forge-common.toml for forge tracking
[1010ŒŽ2021 12:42:55.573] [modloading-worker-3/DEBUG] [net.minecraftforge.fml.javafmlmod.AutomaticEventSubscriber/LOADING]: Attempting to inject @EventBusSubscriber classes into the eventbus for forge
[1010ŒŽ2021 12:42:55.931] [main/DEBUG] [net.minecraftforge.fml.config.ConfigTracker/CONFIG]: Loading configs type COMMON
[1010ŒŽ2021 12:42:55.934] [main/DEBUG] [net.minecraftforge.fml.config.ConfigFileTypeHandler/CONFIG]: Built TOML config for C:\Users\bulei\MinecraftServer\Forge-1.17.1\config\digallsmp-common.toml
[1010ŒŽ2021 12:42:55.938] [main/DEBUG] [net.minecraftforge.fml.config.ConfigFileTypeHandler/CONFIG]: Loaded TOML config file C:\Users\bulei\MinecraftServer\Forge-1.17.1\config\digallsmp-common.toml
[1010ŒŽ2021 12:42:56.009] [main/DEBUG] [net.minecraftforge.fml.config.ConfigFileTypeHandler/CONFIG]: Watching TOML config file C:\Users\bulei\MinecraftServer\Forge-1.17.1\config\digallsmp-common.toml for changes
[1010ŒŽ2021 12:42:56.016] [main/DEBUG] [net.minecraftforge.fml.config.ConfigFileTypeHandler/CONFIG]: Built TOML config for C:\Users\bulei\MinecraftServer\Forge-1.17.1\config\mineallsmp-common.toml
[1010ŒŽ2021 12:42:56.020] [main/DEBUG] [net.minecraftforge.fml.config.ConfigFileTypeHandler/CONFIG]: Loaded TOML config file C:\Users\bulei\MinecraftServer\Forge-1.17.1\config\mineallsmp-common.toml
[1010ŒŽ2021 12:42:56.020] [Thread-0/DEBUG] [net.minecraftforge.fml.config.ConfigFileTypeHandler/CONFIG]: Config file digallsmp-common.toml changed, sending notifies
[1010ŒŽ2021 12:42:56.021] [main/DEBUG] [net.minecraftforge.fml.config.ConfigFileTypeHandler/CONFIG]: Watching TOML config file C:\Users\bulei\MinecraftServer\Forge-1.17.1\config\mineallsmp-common.toml for changes
[1010ŒŽ2021 12:42:56.036] [main/DEBUG] [net.minecraftforge.fml.config.ConfigFileTypeHandler/CONFIG]: Built TOML config for C:\Users\bulei\MinecraftServer\Forge-1.17.1\config\cutallsmp-common.toml
[1010ŒŽ2021 12:42:56.039] [main/DEBUG] [net.minecraftforge.fml.config.ConfigFileTypeHandler/CONFIG]: Loaded TOML config file C:\Users\bulei\MinecraftServer\Forge-1.17.1\config\cutallsmp-common.toml
[1010ŒŽ2021 12:42:56.041] [main/DEBUG] [net.minecraftforge.fml.config.ConfigFileTypeHandler/CONFIG]: Watching TOML config file C:\Users\bulei\MinecraftServer\Forge-1.17.1\config\cutallsmp-common.toml for changes
[1010ŒŽ2021 12:42:56.057] [main/DEBUG] [net.minecraftforge.fml.config.ConfigFileTypeHandler/CONFIG]: Built TOML config for C:\Users\bulei\MinecraftServer\Forge-1.17.1\config\forge-common.toml
[1010ŒŽ2021 12:42:56.059] [main/DEBUG] [net.minecraftforge.fml.config.ConfigFileTypeHandler/CONFIG]: Loaded TOML config file C:\Users\bulei\MinecraftServer\Forge-1.17.1\config\forge-common.toml
[1010ŒŽ2021 12:42:56.060] [main/DEBUG] [net.minecraftforge.fml.config.ConfigFileTypeHandler/CONFIG]: Watching TOML config file C:\Users\bulei\MinecraftServer\Forge-1.17.1\config\forge-common.toml for changes
[1010ŒŽ2021 12:42:56.194] [Forge Version Check/INFO] [net.minecraftforge.fml.VersionChecker/]: [forge] Starting version check at https://files.minecraftforge.net/net/minecraftforge/forge/promotions_slim.json
[1010ŒŽ2021 12:42:58.718] [Forge Version Check/DEBUG] [net.minecraftforge.fml.VersionChecker/]: [forge] Received version check data:
{
  "homepage": "https://files.minecraftforge.net/net/minecraftforge/forge/",
  "promos": {
    "1.1-latest": "1.3.4.29",
    "1.2.3-latest": "1.4.1.64",
    "1.2.4-latest": "2.0.0.68",
    "1.2.5-latest": "3.4.9.171",
    "1.3.2-latest": "4.3.5.318",
    "1.4.0-latest": "5.0.0.326",
    "1.4.1-latest": "6.0.0.329",
    "1.4.2-latest": "6.0.1.355",
    "1.4.3-latest": "6.2.1.358",
    "1.4.4-latest": "6.3.0.378",
    "1.4.5-latest": "6.4.2.448",
    "1.4.6-latest": "6.5.0.489",
    "1.4.7-latest": "6.6.2.534",
    "1.5-latest": "7.7.0.598",
    "1.5.1-latest": "7.7.2.682",
    "1.5.2-latest": "7.8.1.738",
    "1.5.2-recommended": "7.8.1.738",
    "1.6.1-latest": "8.9.0.775",
    "1.6.2-latest": "9.10.1.871",
    "1.6.2-recommended": "9.10.1.871",
    "1.6.3-latest": "9.11.0.878",
    "1.6.4-latest": "9.11.1.1345",
    "1.6.4-recommended": "9.11.1.1345",
    "1.7.2-latest": "10.12.2.1161",
    "1.7.2-recommended": "10.12.2.1161",
    "1.7.10_pre4-latest": "10.12.2.1149",
    "1.7.10-latest": "10.13.4.1614",
    "1.7.10-recommended": "10.13.4.1614",
    "1.8-latest": "11.14.4.1577",
    "1.8-recommended": "11.14.4.1563",
    "1.8.8-latest": "11.15.0.1655",
    "1.8.9-latest": "11.15.1.2318",
    "1.8.9-recommended": "11.15.1.2318",
    "1.9-latest": "12.16.1.1938",
    "1.9-recommended": "12.16.1.1887",
    "1.9.4-latest": "12.17.0.2317",
    "1.9.4-recommended": "12.17.0.2317",
    "1.10-latest": "12.18.0.2000",
    "1.10.2-latest": "12.18.3.2511",
    "1.10.2-recommended": "12.18.3.2511",
    "1.11-latest": "13.19.1.2199",
    "1.11-recommended": "13.19.1.2189",
    "1.11.2-latest": "13.20.1.2588",
    "1.11.2-recommended": "13.20.1.2588",
    "1.12-latest": "14.21.1.2443",
    "1.12-recommended": "14.21.1.2387",
    "1.12.1-latest": "14.22.1.2485",
    "1.12.1-recommended": "14.22.1.2478",
    "1.12.2-latest": "14.23.5.2855",
    "1.12.2-recommended": "14.23.5.2855",
    "1.13.2-latest": "25.0.219",
    "1.14.2-latest": "26.0.63",
    "1.14.3-latest": "27.0.60",
    "1.14.4-latest": "28.2.23",
    "1.14.4-recommended": "28.2.0",
    "1.15-latest": "29.0.4",
    "1.15.1-latest": "30.0.51",
    "1.15.2-latest": "31.2.55",
    "1.15.2-recommended": "31.2.0",
    "1.16.1-latest": "32.0.108",
    "1.16.2-latest": "33.0.61",
    "1.16.3-latest": "34.1.42",
    "1.16.3-recommended": "34.1.0",
    "1.16.4-latest": "35.1.37",
    "1.16.4-recommended": "35.1.4",
    "1.16.5-latest": "36.2.8",
    "1.16.5-recommended": "36.2.0",
    "1.17.1-latest": "37.0.84"
  }
}
[1010ŒŽ2021 12:42:58.720] [Forge Version Check/INFO] [net.minecraftforge.fml.VersionChecker/]: [forge] Found status: BETA_OUTDATED Current: 37.0.53 Target: 37.0.84
[1010ŒŽ2021 12:43:00.323] [main/INFO] [com.mojang.authlib.yggdrasil.YggdrasilAuthenticationService/]: Environment: authHost='https://authserver.mojang.com', accountsHost='https://api.mojang.com', sessionHost='https://sessionserver.mojang.com', servicesHost='https://api.minecraftservices.com', name='PROD'
[1010ŒŽ2021 12:43:15.351] [Server thread/DEBUG] [net.minecraftforge.fml.loading.FileUtils/CORE]: Found existing serverconfig directory : .\world\serverconfig
[1010ŒŽ2021 12:43:15.351] [Server thread/DEBUG] [net.minecraftforge.fml.config.ConfigTracker/CONFIG]: Loading configs type SERVER
[1010ŒŽ2021 12:43:15.352] [Server thread/DEBUG] [net.minecraftforge.fml.config.ConfigFileTypeHandler/CONFIG]: Built TOML config for .\world\serverconfig\forge-server.toml
[1010ŒŽ2021 12:43:15.356] [Server thread/DEBUG] [net.minecraftforge.fml.config.ConfigFileTypeHandler/CONFIG]: Loaded TOML config file .\world\serverconfig\forge-server.toml
[1010ŒŽ2021 12:43:15.370] [Server thread/DEBUG] [net.minecraftforge.fml.config.ConfigFileTypeHandler/CONFIG]: Watching TOML config file .\world\serverconfig\forge-server.toml for changes
[1110ŒŽ2021 00:50:34.703] [Server thread/DEBUG] [net.minecraftforge.fml.loading.FileUtils/CORE]: Found existing serverconfig directory : .\world\serverconfig
[1110ŒŽ2021 00:50:34.703] [Server thread/DEBUG] [net.minecraftforge.fml.config.ConfigTracker/CONFIG]: Unloading configs type SERVER
